\BOOKMARK [0][-]{chapter*.9}{Índice de Figuras}{}% 1
\BOOKMARK [0][-]{chapter*.10}{Índice de Tablas}{}% 2
\BOOKMARK [0][-]{chapter.1}{Introducción}{}% 3
\BOOKMARK [1][-]{section.1.1}{Motivación del proyecto}{chapter.1}% 4
\BOOKMARK [1][-]{section.1.2}{Objetivos y enfoque}{chapter.1}% 5
\BOOKMARK [1][-]{section.1.3}{Metodología y plan de trabajo}{chapter.1}% 6
\BOOKMARK [2][-]{subsection.1.3.1}{Recursos}{section.1.3}% 7
\BOOKMARK [2][-]{subsection.1.3.2}{Producción}{section.1.3}% 8
\BOOKMARK [2][-]{subsection.1.3.3}{Despliegue}{section.1.3}% 9
\BOOKMARK [2][-]{subsection.1.3.4}{Documentación}{section.1.3}% 10
\BOOKMARK [0][-]{chapter.2}{Estado del arte}{}% 11
\BOOKMARK [1][-]{section.2.1}{Historia, nacimiento y evolución.}{chapter.2}% 12
\BOOKMARK [2][-]{subsection.2.1.1}{Sensorama}{section.2.1}% 13
\BOOKMARK [2][-]{subsection.2.1.2}{Headsight}{section.2.1}% 14
\BOOKMARK [2][-]{subsection.2.1.3}{Realidad virtual en los años 90}{section.2.1}% 15
\BOOKMARK [2][-]{subsection.2.1.4}{Realidad virtual en el siglo XXI}{section.2.1}% 16
\BOOKMARK [1][-]{section.2.2}{Conceptos básicos de la realidad virtual}{chapter.2}% 17
\BOOKMARK [2][-]{subsection.2.2.1}{Vista estereoscópica}{section.2.2}% 18
\BOOKMARK [2][-]{subsection.2.2.2}{Head tracking}{section.2.2}% 19
\BOOKMARK [0][-]{chapter.3}{Análisis, arquitectura y diseño del sistema}{}% 20
\BOOKMARK [1][-]{section.3.1}{Análisis}{chapter.3}% 21
\BOOKMARK [2][-]{subsection.3.1.1}{Descripción del producto}{section.3.1}% 22
\BOOKMARK [2][-]{subsection.3.1.2}{Objetivos y funcionalidad}{section.3.1}% 23
\BOOKMARK [2][-]{subsection.3.1.3}{Requisitos}{section.3.1}% 24
\BOOKMARK [2][-]{subsection.3.1.4}{Tamaño y rendimiento}{section.3.1}% 25
\BOOKMARK [1][-]{section.3.2}{Arquitectura}{chapter.3}% 26
\BOOKMARK [2][-]{subsection.3.2.1}{Vista estática}{section.3.2}% 27
\BOOKMARK [2][-]{subsection.3.2.2}{Vista funcional}{section.3.2}% 28
\BOOKMARK [2][-]{subsection.3.2.3}{Vista dinámica}{section.3.2}% 29
\BOOKMARK [1][-]{section.3.3}{Diseño}{chapter.3}% 30
\BOOKMARK [2][-]{subsection.3.3.1}{Servidor de vídeo}{section.3.3}% 31
\BOOKMARK [2][-]{subsection.3.3.2}{Servidor de control}{section.3.3}% 32
\BOOKMARK [2][-]{subsection.3.3.3}{Cliente móvil}{section.3.3}% 33
\BOOKMARK [0][-]{chapter.4}{Tecnología y pruebas}{}% 34
\BOOKMARK [1][-]{section.4.1}{Calidad de servicio}{chapter.4}% 35
\BOOKMARK [2][-]{subsection.4.1.1}{Servidores}{section.4.1}% 36
\BOOKMARK [2][-]{subsection.4.1.2}{Clientes}{section.4.1}% 37
\BOOKMARK [2][-]{subsection.4.1.3}{Interfaces}{section.4.1}% 38
\BOOKMARK [2][-]{subsection.4.1.4}{Pruebas significativas}{section.4.1}% 39
\BOOKMARK [2][-]{subsection.4.1.5}{Configuración final}{section.4.1}% 40
\BOOKMARK [1][-]{section.4.2}{Cámaras}{chapter.4}% 41
\BOOKMARK [2][-]{subsection.4.2.1}{Cámaras con objetivo ojo de pez}{section.4.2}% 42
\BOOKMARK [2][-]{subsection.4.2.2}{Cámaras con lente normal}{section.4.2}% 43
\BOOKMARK [1][-]{section.4.3}{Servomotor}{chapter.4}% 44
\BOOKMARK [0][-]{chapter.5}{Implementación}{}% 45
\BOOKMARK [1][-]{section.5.1}{Cliente}{chapter.5}% 46
\BOOKMARK [2][-]{subsection.5.1.1}{Fundamentos de programación para Android con Android Studio}{section.5.1}% 47
\BOOKMARK [2][-]{subsection.5.1.2}{Aplicación}{section.5.1}% 48
\BOOKMARK [1][-]{section.5.2}{Servidores de vídeo}{chapter.5}% 49
\BOOKMARK [2][-]{subsection.5.2.1}{Configuración del servidor}{section.5.2}% 50
\BOOKMARK [1][-]{section.5.3}{Servidor de control}{chapter.5}% 51
\BOOKMARK [2][-]{subsection.5.3.1}{Circuito y programación de la placa Arduino}{section.5.3}% 52
\BOOKMARK [2][-]{subsection.5.3.2}{Cliente/servidor UDP}{section.5.3}% 53
\BOOKMARK [2][-]{subsection.5.3.3}{Programación del servidor}{section.5.3}% 54
\BOOKMARK [0][-]{chapter.6}{Conclusiones y trabajo futuro}{}% 55
\BOOKMARK [1][-]{section.6.1}{Conclusiones}{chapter.6}% 56
\BOOKMARK [1][-]{section.6.2}{Trabajo futuro}{chapter.6}% 57
\BOOKMARK [0][-]{chapter*.36}{Glosario de acrónimos}{}% 58
\BOOKMARK [0][-]{chapter*.36}{Bibliografía}{}% 59
\BOOKMARK [0][-]{appendix.Alph1}{Fragmentos de código}{}% 60
\BOOKMARK [1][-]{section.Alph1.1}{Cliente}{appendix.Alph1}% 61
\BOOKMARK [2][-]{subsection.Alph1.1.1}{AddressManager.java}{section.Alph1.1}% 62
\BOOKMARK [2][-]{subsection.Alph1.1.2}{PositionSender.java}{section.Alph1.1}% 63
\BOOKMARK [2][-]{subsection.Alph1.1.3}{FormActivity.java}{section.Alph1.1}% 64
\BOOKMARK [2][-]{subsection.Alph1.1.4}{MainActivity.java}{section.Alph1.1}% 65
\BOOKMARK [1][-]{section.Alph1.2}{Servidores de vídeo}{appendix.Alph1}% 66
\BOOKMARK [2][-]{subsection.Alph1.2.1}{deploy.sh}{section.Alph1.2}% 67
\BOOKMARK [1][-]{section.Alph1.3}{Servidor de control}{appendix.Alph1}% 68
\BOOKMARK [2][-]{subsection.Alph1.3.1}{servo\137serial\137read.ino}{section.Alph1.3}% 69
\BOOKMARK [2][-]{subsection.Alph1.3.2}{control\137servo.py}{section.Alph1.3}% 70
\BOOKMARK [2][-]{subsection.Alph1.3.3}{udp\137server.py}{section.Alph1.3}% 71
\BOOKMARK [0][-]{appendix.Alph2}{Montaje y funcionamiento}{}% 72
\BOOKMARK [1][-]{section.Alph2.1}{Robot}{appendix.Alph2}% 73
\BOOKMARK [1][-]{section.Alph2.2}{Gafas de Realidad Virtual}{appendix.Alph2}% 74
\BOOKMARK [1][-]{section.Alph2.3}{Aplicación Android}{appendix.Alph2}% 75
\BOOKMARK [0][-]{appendix.Alph3}{Manual de usuario}{}% 76
\BOOKMARK [1][-]{section.Alph3.1}{Repositorio}{appendix.Alph3}% 77
\BOOKMARK [2][-]{subsection.Alph3.1.1}{Cómo clonar el repositorio}{section.Alph3.1}% 78
\BOOKMARK [1][-]{section.Alph3.2}{Dependencias}{appendix.Alph3}% 79
\BOOKMARK [1][-]{section.Alph3.3}{Uso}{appendix.Alph3}% 80
\BOOKMARK [2][-]{subsection.Alph3.3.1}{Código arduino}{section.Alph3.3}% 81
\BOOKMARK [2][-]{subsection.Alph3.3.2}{Despliegue de los servidores}{section.Alph3.3}% 82
\BOOKMARK [2][-]{subsection.Alph3.3.3}{Instalación de la aplicación}{section.Alph3.3}% 83
